<?xml version="1.0" encoding="UTF-8"?>
<!-- Generated by org.testng.reporters.JUnitReportReporter -->
<testsuite hostname="MICHAEL-LAPTOP" failures="0" tests="1" name="com.datacom.exercise.AppTest" time="0.015" errors="0" timestamp="12 Nov 2024 18:30:00 GMT">
  <testcase classname="com.datacom.exercise.AppTest" name="testApp" time="0.015"/>
</testsuite> <!-- com.datacom.exercise.AppTest -->
