<?xml version="1.0" encoding="UTF-8"?>
<!-- Generated by org.testng.reporters.JUnitReportReporter -->
<testsuite hostname="MICHAEL-LAPTOP" failures="0" tests="4" name="com.datacom.exercise.testcases.ContactUsTest" time="1.686" errors="0" timestamp="12 Nov 2024 20:28:18 GMT">
  <testcase classname="com.datacom.exercise.testcases.ContactUsTest" name="testNavigationToContactUsPage" time="0.083"/>
  <testcase classname="com.datacom.exercise.testcases.ContactUsTest" name="testOurLocationsHdrAndBodyText" time="0.120"/>
  <testcase classname="com.datacom.exercise.testcases.ContactUsTest" name="testLocationItemTabs" time="0.478"/>
  <testcase classname="com.datacom.exercise.testcases.ContactUsTest" name="testLocationTabsInformation" time="1.005"/>
</testsuite> <!-- com.datacom.exercise.testcases.ContactUsTest -->
